-------------------------------------------------------------------------------
Test set: com.example.demo.controller.CustomDataControllerTest
-------------------------------------------------------------------------------
Tests run: 3, Failures: 3, Errors: 0, Skipped: 0, Time elapsed: 3.902 s <<< FAILURE! -- in com.example.demo.controller.CustomDataControllerTest
com.example.demo.controller.CustomDataControllerTest.testParseJsonData -- Time elapsed: 0.986 s <<< FAILURE!
java.lang.AssertionError: Status expected:<200> but was:<400>
	at org.springframework.test.util.AssertionErrors.fail(AssertionErrors.java:62)
	at org.springframework.test.util.AssertionErrors.assertEquals(AssertionErrors.java:129)
	at org.springframework.test.web.servlet.result.StatusResultMatchers.lambda$matcher$0(StatusResultMatchers.java:564)
	at org.springframework.test.web.servlet.MockMvc$1.andExpect(MockMvc.java:212)
	at com.example.demo.controller.CustomDataControllerTest.testParseJsonData(CustomDataControllerTest.java:33)
	at java.base/java.lang.reflect.Method.invoke(Method.java:569)
	at java.base/java.util.ArrayList.forEach(ArrayList.java:1511)
	at java.base/java.util.ArrayList.forEach(ArrayList.java:1511)

com.example.demo.controller.CustomDataControllerTest.testParseXmlData -- Time elapsed: 0.150 s <<< FAILURE!
java.lang.AssertionError: Status expected:<200> but was:<400>
	at org.springframework.test.util.AssertionErrors.fail(AssertionErrors.java:62)
	at org.springframework.test.util.AssertionErrors.assertEquals(AssertionErrors.java:129)
	at org.springframework.test.web.servlet.result.StatusResultMatchers.lambda$matcher$0(StatusResultMatchers.java:564)
	at org.springframework.test.web.servlet.MockMvc$1.andExpect(MockMvc.java:212)
	at com.example.demo.controller.CustomDataControllerTest.testParseXmlData(CustomDataControllerTest.java:48)
	at java.base/java.lang.reflect.Method.invoke(Method.java:569)
	at java.base/java.util.ArrayList.forEach(ArrayList.java:1511)
	at java.base/java.util.ArrayList.forEach(ArrayList.java:1511)

com.example.demo.controller.CustomDataControllerTest.testInvalidJsonRequest -- Time elapsed: 0.048 s <<< FAILURE!
java.lang.AssertionError: Content type not set
	at org.springframework.test.util.AssertionErrors.fail(AssertionErrors.java:40)
	at org.springframework.test.util.AssertionErrors.assertTrue(AssertionErrors.java:74)
	at org.springframework.test.util.AssertionErrors.assertNotNull(AssertionErrors.java:113)
	at org.springframework.test.web.servlet.result.ContentResultMatchers.lambda$contentTypeCompatibleWith$0(ContentResultMatchers.java:105)
	at org.springframework.test.web.servlet.MockMvc$1.andExpect(MockMvc.java:212)
	at com.example.demo.controller.CustomDataControllerTest.testInvalidJsonRequest(CustomDataControllerTest.java:64)
	at java.base/java.lang.reflect.Method.invoke(Method.java:569)
	at java.base/java.util.ArrayList.forEach(ArrayList.java:1511)
	at java.base/java.util.ArrayList.forEach(ArrayList.java:1511)

