<?xml version="1.0" encoding="UTF-8"?>
<testsuite xmlns:xsi="http://www.w3.org/2001/XMLSchema-instance" xsi:noNamespaceSchemaLocation="https://maven.apache.org/surefire/maven-surefire-plugin/xsd/surefire-test-report.xsd" version="3.0.2" name="com.example.demo.controller.CustomDataControllerTest" time="3.902" tests="3" errors="0" skipped="0" failures="3">
  <properties>
[...]
</properties>
  <testcase name="testParseJsonData" classname="com.example.demo.controller.CustomDataControllerTest" time="0.986">
    <failure message="Status expected:&lt;200&gt; but was:&lt;400&gt;" type="java.lang.AssertionError"><![CDATA[java.lang.AssertionError: Status expected:<200> but was:<400>
	at org.springframework.test.util.AssertionErrors.fail(AssertionErrors.java:62)
	at org.springframework.test.util.AssertionErrors.assertEquals(AssertionErrors.java:129)
	at org.springframework.test.web.servlet.result.StatusResultMatchers.lambda$matcher$0(StatusResultMatchers.java:564)
	at org.springframework.test.web.servlet.MockMvc$1.andExpect(MockMvc.java:212)
	at com.example.demo.controller.CustomDataControllerTest.testParseJsonData(CustomDataControllerTest.java:33)
	at java.base/java.lang.reflect.Method.invoke(Method.java:569)
	at java.base/java.util.ArrayList.forEach(ArrayList.java:1511)
	at java.base/java.util.ArrayList.forEach(ArrayList.java:1511)
]]></failure>
    <system-out><![CDATA[16:54:13.063 [main] INFO org.springframework.test.context.support.AnnotationConfigContextLoaderUtils -- Could not detect default configuration classes for test class [com.example.demo.controller.CustomDataControllerTest]: CustomDataControllerTest does not declare any static, non-private, non-final, nested classes annotated with @Configuration.
16:54:13.282 [main] INFO org.springframework.boot.test.context.SpringBootTestContextBootstrapper -- Found @SpringBootConfiguration com.example.demo.DemoApplication for test class com.example.demo.controller.CustomDataControllerTest
16:54:13.399 [main] INFO org.springframework.boot.devtools.restart.RestartApplicationListener -- Restart disabled due to context in which it is running

  .   ____          _            __ _ _
 /\\ / ___'_ __ _ _(_)_ __  __ _ \ \ \ \
( ( )\___ | '_ | '_| | '_ \/ _` | \ \ \ \
 \\/  ___)| |_)| | | | | || (_| |  ) ) ) )
  '  |____| .__|_| |_|_| |_\__, | / / / /
 =========|_|==============|___/=/_/_/_/

 :: Spring Boot ::       (v4.0.0-SNAPSHOT)

2025-07-23 16:54:13 [main] INFO  c.e.d.c.CustomDataControllerTest - Starting CustomDataControllerTest using Java 17.0.15 with PID 99234 (started by max in /Users/max/Documents/Project/Demo/trae/springboot)
2025-07-23 16:54:13 [main] DEBUG c.e.d.c.CustomDataControllerTest - Running with Spring Boot v4.0.0-SNAPSHOT, Spring v7.0.0-M7
2025-07-23 16:54:13 [main] INFO  c.e.d.c.CustomDataControllerTest - No active profile set, falling back to 1 default profile: "default"
2025-07-23 16:54:15 [main] INFO  o.s.b.t.m.w.SpringBootMockServletContext - Initializing Spring TestDispatcherServlet ''
2025-07-23 16:54:15 [main] INFO  o.s.t.w.s.TestDispatcherServlet - Initializing Servlet ''
2025-07-23 16:54:15 [main] INFO  o.s.t.w.s.TestDispatcherServlet - Completed initialization in 2 ms
2025-07-23 16:54:15 [main] INFO  c.e.d.c.CustomDataControllerTest - Started CustomDataControllerTest in 2.136 seconds (process running for 3.471)

MockHttpServletRequest:
      HTTP Method = POST
      Request URI = /api/custom-data/parse
       Parameters = {}
          Headers = [Content-Type:"application/json;charset=UTF-8", Content-Length:"82"]
             Body = {"id":"1","name":"Test JSON Data","dataType":null,"attributes":null,"valid":false}
    Session Attrs = {}

Handler:
             Type = com.example.demo.controller.CustomDataController
           Method = com.example.demo.controller.CustomDataController#parseCustomData(CustomData)

Async:
    Async started = false
     Async result = null

Resolved Exception:
             Type = null

ModelAndView:
        View name = null
             View = null
            Model = null

FlashMap:
       Attributes = null

MockHttpServletResponse:
           Status = 400
    Error message = null
          Headers = [Content-Type:"application/json"]
     Content type = application/json
             Body = {"success":false,"message":"ID和数据类型(data_type)为必填项","data":null,"metadata":null}
    Forwarded URL = null
   Redirected URL = null
          Cookies = []
]]></system-out>
  </testcase>
  <testcase name="testParseXmlData" classname="com.example.demo.controller.CustomDataControllerTest" time="0.15">
    <failure message="Status expected:&lt;200&gt; but was:&lt;400&gt;" type="java.lang.AssertionError"><![CDATA[java.lang.AssertionError: Status expected:<200> but was:<400>
	at org.springframework.test.util.AssertionErrors.fail(AssertionErrors.java:62)
	at org.springframework.test.util.AssertionErrors.assertEquals(AssertionErrors.java:129)
	at org.springframework.test.web.servlet.result.StatusResultMatchers.lambda$matcher$0(StatusResultMatchers.java:564)
	at org.springframework.test.web.servlet.MockMvc$1.andExpect(MockMvc.java:212)
	at com.example.demo.controller.CustomDataControllerTest.testParseXmlData(CustomDataControllerTest.java:48)
	at java.base/java.lang.reflect.Method.invoke(Method.java:569)
	at java.base/java.util.ArrayList.forEach(ArrayList.java:1511)
	at java.base/java.util.ArrayList.forEach(ArrayList.java:1511)
]]></failure>
    <system-out><![CDATA[
MockHttpServletRequest:
      HTTP Method = POST
      Request URI = /api/custom-data/parse
       Parameters = {}
          Headers = [Content-Type:"application/xml;charset=UTF-8", Content-Length:"99"]
             Body = <?xml version="1.0" encoding="UTF-8"?><customData><id>2</id><name>Test XML Data</name></customData>
    Session Attrs = {}

Handler:
             Type = com.example.demo.controller.CustomDataController
           Method = com.example.demo.controller.CustomDataController#parseCustomData(CustomData)

Async:
    Async started = false
     Async result = null

Resolved Exception:
             Type = null

ModelAndView:
        View name = null
             View = null
            Model = null

FlashMap:
       Attributes = null

MockHttpServletResponse:
           Status = 400
    Error message = null
          Headers = [Content-Type:"application/json"]
     Content type = application/json
             Body = {"success":false,"message":"ID和数据类型(data_type)为必填项","data":null,"metadata":null}
    Forwarded URL = null
   Redirected URL = null
          Cookies = []
]]></system-out>
  </testcase>
  <testcase name="testInvalidJsonRequest" classname="com.example.demo.controller.CustomDataControllerTest" time="0.048">
    <failure message="Content type not set" type="java.lang.AssertionError"><![CDATA[java.lang.AssertionError: Content type not set
	at org.springframework.test.util.AssertionErrors.fail(AssertionErrors.java:40)
	at org.springframework.test.util.AssertionErrors.assertTrue(AssertionErrors.java:74)
	at org.springframework.test.util.AssertionErrors.assertNotNull(AssertionErrors.java:113)
	at org.springframework.test.web.servlet.result.ContentResultMatchers.lambda$contentTypeCompatibleWith$0(ContentResultMatchers.java:105)
	at org.springframework.test.web.servlet.MockMvc$1.andExpect(MockMvc.java:212)
	at com.example.demo.controller.CustomDataControllerTest.testInvalidJsonRequest(CustomDataControllerTest.java:64)
	at java.base/java.lang.reflect.Method.invoke(Method.java:569)
	at java.base/java.util.ArrayList.forEach(ArrayList.java:1511)
	at java.base/java.util.ArrayList.forEach(ArrayList.java:1511)
]]></failure>
    <system-out><![CDATA[2025-07-23 16:54:16 [main] WARN  o.s.w.s.m.s.DefaultHandlerExceptionResolver - Resolved [org.springframework.http.converter.HttpMessageNotReadableException: JSON parse error: Unexpected character ('i' (code 105)): was expecting double-quote to start field name]

MockHttpServletRequest:
      HTTP Method = POST
      Request URI = /api/custom-data/parse
       Parameters = {}
          Headers = [Content-Type:"application/json;charset=UTF-8", Content-Length:"14"]
             Body = {invalid json}
    Session Attrs = {}

Handler:
             Type = com.example.demo.controller.CustomDataController
           Method = com.example.demo.controller.CustomDataController#parseCustomData(CustomData)

Async:
    Async started = false
     Async result = null

Resolved Exception:
             Type = org.springframework.http.converter.HttpMessageNotReadableException

ModelAndView:
        View name = null
             View = null
            Model = null

FlashMap:
       Attributes = null

MockHttpServletResponse:
           Status = 400
    Error message = null
          Headers = []
     Content type = null
             Body = 
    Forwarded URL = null
   Redirected URL = null
          Cookies = []
]]></system-out>
  </testcase>
</testsuite>